#
# There is insufficient memory for the Java Runtime Environment to continue.
# Native memory allocation (malloc) failed to allocate 32744 bytes for Chunk::new
# Possible reasons:
#   The system is out of physical RAM or swap space
#   The process is running with CompressedOops enabled, and the Java Heap may be blocking the growth of the native heap
# Possible solutions:
#   Reduce memory load on the system
#   Increase physical memory or swap space
#   Check if swap backing store is full
#   Decrease Java heap size (-Xmx/-Xms)
#   Decrease number of Java threads
#   Decrease Java thread stack sizes (-Xss)
#   Set larger code cache with -XX:ReservedCodeCacheSize=
#   JVM is running with Unscaled Compressed Oops mode in which the Java heap is
#     placed in the first 4GB address space. The Java Heap base address is the
#     maximum limit for the native heap growth. Please use -XX:HeapBaseMinAddress
#     to set the Java Heap base and to place the Java Heap above 4GB virtual address.
# This output file may be truncated or incomplete.
#
#  Out of Memory Error (arena.cpp:168), pid=12304, tid=15716
#
# JRE version: Java(TM) SE Runtime Environment (21.0.8+12) (build 21.0.8+12-LTS-250)
# Java VM: Java HotSpot(TM) 64-Bit Server VM (21.0.8+12-LTS-250, mixed mode, sharing, tiered, compressed oops, compressed class ptrs, g1 gc, windows-amd64)
# No core dump will be written. Minidumps are not enabled by default on client versions of Windows
#

---------------  S U M M A R Y ------------

Command Line: -javaagent:C:\Program Files\JetBrains\IntelliJ IDEA Community Edition 2025.2.1\lib\idea_rt.jar=59072 -Dfile.encoding=UTF-8 -Dsun.stdout.encoding=UTF-8 -Dsun.stderr.encoding=UTF-8 com.example.paintlab.PaintlabApplication

Host: AMD Ryzen 5 7520U with Radeon Graphics         , 8 cores, 7G,  Windows 11 , 64 bit Build 26100 (10.0.26100.6725)
Time: Sat Nov  8 01:38:15 2025 Hora oficial do Brasil elapsed time: 20.964810 seconds (0d 0h 0m 20s)

---------------  T H R E A D  ---------------

Current thread (0x0000018868442700):  JavaThread "C2 CompilerThread0" daemon [_thread_in_native, id=15716, stack(0x0000003d7ee00000,0x0000003d7ef00000) (1024K)]


Current CompileTask:
C2:  20965 4890   !   4       org.springframework.util.ReflectionUtils::doWithMethods (189 bytes)

Stack: [0x0000003d7ee00000,0x0000003d7ef00000]
Native frames: (J=compiled Java code, j=interpreted, Vv=VM code, C=native code)
V  [jvm.dll+0x6cc179]
V  [jvm.dll+0x8584c1]
V  [jvm.dll+0x85a9ee]
V  [jvm.dll+0x85b0c3]
V  [jvm.dll+0x27ebf6]
V  [jvm.dll+0xc4f4d]
V  [jvm.dll+0xc5483]
V  [jvm.dll+0x3bc16d]
V  [jvm.dll+0x3bb991]
V  [jvm.dll+0x3bb9d4]
V  [jvm.dll+0x5d74cb]
V  [jvm.dll+0x5d7c85]
V  [jvm.dll+0x382a64]
V  [jvm.dll+0x381eaa]
V  [jvm.dll+0x247670]
V  [jvm.dll+0x246c4f]
V  [jvm.dll+0x1c7a3e]
V  [jvm.dll+0x256359]
V  [jvm.dll+0x2548ea]
V  [jvm.dll+0x3efef6]
V  [jvm.dll+0x80279b]
V  [jvm.dll+0x6ca85d]
C  [ucrtbase.dll+0x37b0]
C  [KERNEL32.DLL+0x2e8d7]
C  [ntdll.dll+0x8c53c]


---------------  P R O C E S S  ---------------

Threads class SMR info:
_java_thread_list=0x000001886f604670, length=18, elements={
0x0000018849b2f2e0, 0x000001886841d8a0, 0x000001886841f210, 0x0000018868428010,
0x0000018868428a60, 0x00000188684294b0, 0x000001886842ad00, 0x0000018868442700,
0x00000188684435a0, 0x00000188683f8500, 0x000001886d1fabf0, 0x000001886d33bbc0,
0x000001886d633c20, 0x000001886dabb9d0, 0x000001886d869a10, 0x000001886d6e35a0,
0x000001886d9e5d30, 0x000001886d9e6ba0
}

Java Threads: ( => current thread )
  0x0000018849b2f2e0 JavaThread "main"                              [_thread_blocked, id=9568, stack(0x0000003d7e000000,0x0000003d7e100000) (1024K)]
  0x000001886841d8a0 JavaThread "Reference Handler"          daemon [_thread_blocked, id=33284, stack(0x0000003d7e800000,0x0000003d7e900000) (1024K)]
  0x000001886841f210 JavaThread "Finalizer"                  daemon [_thread_blocked, id=5204, stack(0x0000003d7e900000,0x0000003d7ea00000) (1024K)]
  0x0000018868428010 JavaThread "Signal Dispatcher"          daemon [_thread_blocked, id=416, stack(0x0000003d7ea00000,0x0000003d7eb00000) (1024K)]
  0x0000018868428a60 JavaThread "Attach Listener"            daemon [_thread_blocked, id=17760, stack(0x0000003d7eb00000,0x0000003d7ec00000) (1024K)]
  0x00000188684294b0 JavaThread "Service Thread"             daemon [_thread_blocked, id=17872, stack(0x0000003d7ec00000,0x0000003d7ed00000) (1024K)]
  0x000001886842ad00 JavaThread "Monitor Deflation Thread"   daemon [_thread_blocked, id=21172, stack(0x0000003d7ed00000,0x0000003d7ee00000) (1024K)]
=>0x0000018868442700 JavaThread "C2 CompilerThread0"         daemon [_thread_in_native, id=15716, stack(0x0000003d7ee00000,0x0000003d7ef00000) (1024K)]
  0x00000188684435a0 JavaThread "C1 CompilerThread0"         daemon [_thread_blocked, id=26864, stack(0x0000003d7ef00000,0x0000003d7f000000) (1024K)]
  0x00000188683f8500 JavaThread "Common-Cleaner"             daemon [_thread_blocked, id=8632, stack(0x0000003d7f000000,0x0000003d7f100000) (1024K)]
  0x000001886d1fabf0 JavaThread "Monitor Ctrl-Break"         daemon [_thread_in_native, id=2636, stack(0x0000003d7f100000,0x0000003d7f200000) (1024K)]
  0x000001886d33bbc0 JavaThread "Notification Thread"        daemon [_thread_blocked, id=27184, stack(0x0000003d7f200000,0x0000003d7f300000) (1024K)]
  0x000001886d633c20 JavaThread "RMI TCP Accept-0"           daemon [_thread_in_native, id=21668, stack(0x0000003d7f300000,0x0000003d7f400000) (1024K)]
  0x000001886dabb9d0 JavaThread "RMI TCP Connection(1)-192.168.15.5" daemon [_thread_in_native, id=16240, stack(0x0000003d7f400000,0x0000003d7f500000) (1024K)]
  0x000001886d869a10 JavaThread "RMI Scheduler(0)"           daemon [_thread_blocked, id=8388, stack(0x0000003d7f500000,0x0000003d7f600000) (1024K)]
  0x000001886d6e35a0 JavaThread "JMX server connection timeout 33" daemon [_thread_blocked, id=14636, stack(0x0000003d7fd00000,0x0000003d7fe00000) (1024K)]
  0x000001886d9e5d30 JavaThread "Thread-0"                          [_thread_blocked, id=25492, stack(0x0000003d7fe00000,0x0000003d7ff00000) (1024K)]
  0x000001886d9e6ba0 JavaThread "restartedMain"                     [_thread_in_native, id=35824, stack(0x0000003d7ff00000,0x0000003d80000000) (1024K)]
Total: 18

Other Threads:
  0x0000018868405bf0 VMThread "VM Thread"                           [id=16144, stack(0x0000003d7e700000,0x0000003d7e800000) (1024K)]
  0x00000188683f56a0 WatcherThread "VM Periodic Task Thread"        [id=27572, stack(0x0000003d7e600000,0x0000003d7e700000) (1024K)]
  0x000001884be75710 WorkerThread "GC Thread#0"                     [id=28012, stack(0x0000003d7e100000,0x0000003d7e200000) (1024K)]
  0x000001886d86d620 WorkerThread "GC Thread#1"                     [id=23648, stack(0x0000003d7f600000,0x0000003d7f700000) (1024K)]
  0x000001886dc11660 WorkerThread "GC Thread#2"                     [id=20248, stack(0x0000003d7f700000,0x0000003d7f800000) (1024K)]
  0x000001886dc11a00 WorkerThread "GC Thread#3"                     [id=22688, stack(0x0000003d7f800000,0x0000003d7f900000) (1024K)]
  0x000001886dc123b0 WorkerThread "GC Thread#4"                     [id=26556, stack(0x0000003d7f900000,0x0000003d7fa00000) (1024K)]
  0x000001886dc12750 WorkerThread "GC Thread#5"                     [id=27228, stack(0x0000003d7fa00000,0x0000003d7fb00000) (1024K)]
  0x000001886dc12af0 WorkerThread "GC Thread#6"                     [id=31272, stack(0x0000003d7fb00000,0x0000003d7fc00000) (1024K)]
  0x000001886dc132a0 WorkerThread "GC Thread#7"                     [id=14776, stack(0x0000003d7fc00000,0x0000003d7fd00000) (1024K)]
  0x000001884be863d0 ConcurrentGCThread "G1 Main Marker"            [id=18856, stack(0x0000003d7e200000,0x0000003d7e300000) (1024K)]
  0x000001884be876e0 WorkerThread "G1 Conc#0"                       [id=6948, stack(0x0000003d7e300000,0x0000003d7e400000) (1024K)]
  0x000001886edf4170 WorkerThread "G1 Conc#1"                       [id=35124, stack(0x0000003d00100000,0x0000003d00200000) (1024K)]
  0x000001884bedea00 ConcurrentGCThread "G1 Refine#0"               [id=11356, stack(0x0000003d7e400000,0x0000003d7e500000) (1024K)]
  0x00000188682c57d0 ConcurrentGCThread "G1 Service"                [id=32936, stack(0x0000003d7e500000,0x0000003d7e600000) (1024K)]
Total: 15

Threads with active compile tasks:
C2 CompilerThread0    21005 4890   !   4       org.springframework.util.ReflectionUtils::doWithMethods (189 bytes)
Total: 1

VM state: not at safepoint (normal execution)

VM Mutex/Monitor currently owned by a thread: None

Heap address: 0x000000008ca00000, size: 1846 MB, Compressed Oops mode: 32-bit

CDS archive(s) mapped at: [0x0000018800000000-0x0000018800c90000-0x0000018800c90000), size 13172736, SharedBaseAddress: 0x0000018800000000, ArchiveRelocationMode: 1.
Compressed class space mapped at: 0x0000018801000000-0x0000018841000000, reserved size: 1073741824
Narrow klass base: 0x0000018800000000, Narrow klass shift: 0, Narrow klass range: 0x100000000

GC Precious Log:
 CardTable entry size: 512
 Card Set container configuration: InlinePtr #cards 5 size 8 Array Of Cards #cards 12 size 40 Howl #buckets 4 coarsen threshold 1843 Howl Bitmap #cards 512 size 80 coarsen threshold 460 Card regions per heap region 1 cards per card region 2048
 CPUs: 8 total, 8 available
 Memory: 7379M
 Large Page Support: Disabled
 NUMA Support: Disabled
 Compressed Oops: Enabled (32-bit)
 Heap Region Size: 1M
 Heap Min Capacity: 8M
 Heap Initial Capacity: 116M
 Heap Max Capacity: 1846M
 Pre-touch: Disabled
 Parallel Workers: 8
 Concurrent Workers: 2
 Concurrent Refinement Workers: 8
 Periodic GC: Disabled

Heap:
 garbage-first heap   total 58368K, used 24235K [0x000000008ca00000, 0x0000000100000000)
  region size 1024K, 5 young (5120K), 4 survivors (4096K)
 Metaspace       used 39634K, committed 40256K, reserved 1114112K
  class space    used 5096K, committed 5376K, reserved 1048576K

Heap Regions: E=young(eden), S=young(survivor), O=old, HS=humongous(starts), HC=humongous(continues), CS=collection set, F=free, TAMS=top-at-mark-start, PB=parsable bottom
|   0|0x000000008ca00000, 0x000000008cb00000, 0x000000008cb00000|100%|HS|  |TAMS 0x000000008ca00000| PB 0x000000008ca00000| Complete 
|   1|0x000000008cb00000, 0x000000008cc00000, 0x000000008cc00000|100%|HS|  |TAMS 0x000000008cb00000| PB 0x000000008cb00000| Complete 
|   2|0x000000008cc00000, 0x000000008cd00000, 0x000000008cd00000|100%| O|  |TAMS 0x000000008cc00000| PB 0x000000008cc00000| Untracked 
|   3|0x000000008cd00000, 0x000000008ce00000, 0x000000008ce00000|100%| O|  |TAMS 0x000000008cd00000| PB 0x000000008cd00000| Untracked 
|   4|0x000000008ce00000, 0x000000008cf00000, 0x000000008cf00000|100%| O|  |TAMS 0x000000008ce00000| PB 0x000000008ce00000| Untracked 
|   5|0x000000008cf00000, 0x000000008d000000, 0x000000008d000000|100%| O|  |TAMS 0x000000008cf00000| PB 0x000000008cf00000| Untracked 
|   6|0x000000008d000000, 0x000000008d100000, 0x000000008d100000|100%| O|  |TAMS 0x000000008d000000| PB 0x000000008d000000| Untracked 
|   7|0x000000008d100000, 0x000000008d200000, 0x000000008d200000|100%| O|  |TAMS 0x000000008d100000| PB 0x000000008d100000| Untracked 
|   8|0x000000008d200000, 0x000000008d300000, 0x000000008d300000|100%| O|  |TAMS 0x000000008d200000| PB 0x000000008d200000| Untracked 
|   9|0x000000008d300000, 0x000000008d400000, 0x000000008d400000|100%| O|  |TAMS 0x000000008d300000| PB 0x000000008d300000| Untracked 
|  10|0x000000008d400000, 0x000000008d500000, 0x000000008d500000|100%| O|  |TAMS 0x000000008d400000| PB 0x000000008d400000| Untracked 
|  11|0x000000008d500000, 0x000000008d600000, 0x000000008d600000|100%| O|  |TAMS 0x000000008d500000| PB 0x000000008d500000| Untracked 
|  12|0x000000008d600000, 0x000000008d700000, 0x000000008d700000|100%| O|  |TAMS 0x000000008d600000| PB 0x000000008d600000| Untracked 
|  13|0x000000008d700000, 0x000000008d800000, 0x000000008d800000|100%| O|  |TAMS 0x000000008d700000| PB 0x000000008d700000| Untracked 
|  14|0x000000008d800000, 0x000000008d900000, 0x000000008d900000|100%| O|  |TAMS 0x000000008d800000| PB 0x000000008d800000| Untracked 
|  15|0x000000008d900000, 0x000000008da00000, 0x000000008da00000|100%| O|  |TAMS 0x000000008d900000| PB 0x000000008d900000| Untracked 
|  16|0x000000008da00000, 0x000000008db00000, 0x000000008db00000|100%| O|Cm|TAMS 0x000000008da00000| PB 0x000000008da00000| Complete 
|  17|0x000000008db00000, 0x000000008dc00000, 0x000000008dc00000|100%| O|  |TAMS 0x000000008db00000| PB 0x000000008db00000| Untracked 
|  18|0x000000008dc00000, 0x000000008dd00000, 0x000000008dd00000|100%| O|  |TAMS 0x000000008dc00000| PB 0x000000008dc00000| Untracked 
|  19|0x000000008dd00000, 0x000000008de00000, 0x000000008de00000|100%| O|  |TAMS 0x000000008dd00000| PB 0x000000008dd00000| Untracked 
|  20|0x000000008de00000, 0x000000008de4bbb8, 0x000000008df00000| 29%| O|  |TAMS 0x000000008de00000| PB 0x000000008de00000| Untracked 
|  21|0x000000008df00000, 0x000000008df00000, 0x000000008e000000|  0%| F|  |TAMS 0x000000008df00000| PB 0x000000008df00000| Untracked 
|  22|0x000000008e000000, 0x000000008e000000, 0x000000008e100000|  0%| F|  |TAMS 0x000000008e000000| PB 0x000000008e000000| Untracked 
|  23|0x000000008e100000, 0x000000008e100000, 0x000000008e200000|  0%| F|  |TAMS 0x000000008e100000| PB 0x000000008e100000| Untracked 
|  24|0x000000008e200000, 0x000000008e200000, 0x000000008e300000|  0%| F|  |TAMS 0x000000008e200000| PB 0x000000008e200000| Untracked 
|  25|0x000000008e300000, 0x000000008e300000, 0x000000008e400000|  0%| F|  |TAMS 0x000000008e300000| PB 0x000000008e300000| Untracked 
|  26|0x000000008e400000, 0x000000008e400000, 0x000000008e500000|  0%| F|  |TAMS 0x000000008e400000| PB 0x000000008e400000| Untracked 
|  27|0x000000008e500000, 0x000000008e55f248, 0x000000008e600000| 37%| S|CS|TAMS 0x000000008e500000| PB 0x000000008e500000| Complete 
|  28|0x000000008e600000, 0x000000008e700000, 0x000000008e700000|100%| S|CS|TAMS 0x000000008e600000| PB 0x000000008e600000| Complete 
|  29|0x000000008e700000, 0x000000008e800000, 0x000000008e800000|100%| S|CS|TAMS 0x000000008e700000| PB 0x000000008e700000| Complete 
|  30|0x000000008e800000, 0x000000008e900000, 0x000000008e900000|100%| S|CS|TAMS 0x000000008e800000| PB 0x000000008e800000| Complete 
|  31|0x000000008e900000, 0x000000008e900000, 0x000000008ea00000|  0%| F|  |TAMS 0x000000008e900000| PB 0x000000008e900000| Untracked 
|  32|0x000000008ea00000, 0x000000008ea00000, 0x000000008eb00000|  0%| F|  |TAMS 0x000000008ea00000| PB 0x000000008ea00000| Untracked 
|  33|0x000000008eb00000, 0x000000008eb00000, 0x000000008ec00000|  0%| F|  |TAMS 0x000000008eb00000| PB 0x000000008eb00000| Untracked 
|  34|0x000000008ec00000, 0x000000008ec00000, 0x000000008ed00000|  0%| F|  |TAMS 0x000000008ec00000| PB 0x000000008ec00000| Untracked 
|  35|0x000000008ed00000, 0x000000008ed00000, 0x000000008ee00000|  0%| F|  |TAMS 0x000000008ed00000| PB 0x000000008ed00000| Untracked 
|  36|0x000000008ee00000, 0x000000008ee00000, 0x000000008ef00000|  0%| F|  |TAMS 0x000000008ee00000| PB 0x000000008ee00000| Untracked 
|  37|0x000000008ef00000, 0x000000008ef00000, 0x000000008f000000|  0%| F|  |TAMS 0x000000008ef00000| PB 0x000000008ef00000| Untracked 
|  38|0x000000008f000000, 0x000000008f000000, 0x000000008f100000|  0%| F|  |TAMS 0x000000008f000000| PB 0x000000008f000000| Untracked 
|  39|0x000000008f100000, 0x000000008f100000, 0x000000008f200000|  0%| F|  |TAMS 0x000000008f100000| PB 0x000000008f100000| Untracked 
|  40|0x000000008f200000, 0x000000008f200000, 0x000000008f300000|  0%| F|  |TAMS 0x000000008f200000| PB 0x000000008f200000| Untracked 
|  41|0x000000008f300000, 0x000000008f300000, 0x000000008f400000|  0%| F|  |TAMS 0x000000008f300000| PB 0x000000008f300000| Untracked 
|  42|0x000000008f400000, 0x000000008f400000, 0x000000008f500000|  0%| F|  |TAMS 0x000000008f400000| PB 0x000000008f400000| Untracked 
|  43|0x000000008f500000, 0x000000008f500000, 0x000000008f600000|  0%| F|  |TAMS 0x000000008f500000| PB 0x000000008f500000| Untracked 
|  44|0x000000008f600000, 0x000000008f600000, 0x000000008f700000|  0%| F|  |TAMS 0x000000008f600000| PB 0x000000008f600000| Untracked 
|  45|0x000000008f700000, 0x000000008f700000, 0x000000008f800000|  0%| F|  |TAMS 0x000000008f700000| PB 0x000000008f700000| Untracked 
|  46|0x000000008f800000, 0x000000008f800000, 0x000000008f900000|  0%| F|  |TAMS 0x000000008f800000| PB 0x000000008f800000| Untracked 
|  47|0x000000008f900000, 0x000000008f900000, 0x000000008fa00000|  0%| F|  |TAMS 0x000000008f900000| PB 0x000000008f900000| Untracked 
|  48|0x000000008fa00000, 0x000000008fa00000, 0x000000008fb00000|  0%| F|  |TAMS 0x000000008fa00000| PB 0x000000008fa00000| Untracked 
|  49|0x000000008fb00000, 0x000000008fb00000, 0x000000008fc00000|  0%| F|  |TAMS 0x000000008fb00000| PB 0x000000008fb00000| Untracked 
|  79|0x0000000091900000, 0x0000000091900000, 0x0000000091a00000|  0%| F|  |TAMS 0x0000000091900000| PB 0x0000000091900000| Untracked 
|  80|0x0000000091a00000, 0x0000000091a00000, 0x0000000091b00000|  0%| F|  |TAMS 0x0000000091a00000| PB 0x0000000091a00000| Untracked 
|  81|0x0000000091b00000, 0x0000000091b00000, 0x0000000091c00000|  0%| F|  |TAMS 0x0000000091b00000| PB 0x0000000091b00000| Untracked 
|  82|0x0000000091c00000, 0x0000000091c00000, 0x0000000091d00000|  0%| F|  |TAMS 0x0000000091c00000| PB 0x0000000091c00000| Untracked 
|  83|0x0000000091d00000, 0x0000000091d00000, 0x0000000091e00000|  0%| F|  |TAMS 0x0000000091d00000| PB 0x0000000091d00000| Untracked 
| 114|0x0000000093c00000, 0x0000000093c00000, 0x0000000093d00000|  0%| F|  |TAMS 0x0000000093c00000| PB 0x0000000093c00000| Untracked 
| 115|0x0000000093d00000, 0x0000000093d74e90, 0x0000000093e00000| 45%| E|  |TAMS 0x0000000093d00000| PB 0x0000000093d00000| Complete 

Card table byte_map: [0x0000018863980000,0x0000018863d20000] _byte_map_base: 0x000001886351b000

Marking Bits: (CMBitMap*) 0x000001884be75e10
 Bits: [0x0000018863d20000, 0x00000188659f8000)

Polling page: 0x0000018849d50000

Metaspace:

Usage:
  Non-class:     33.73 MB used.
      Class:      4.98 MB used.
       Both:     38.71 MB used.

Virtual space:
  Non-class space:       64.00 MB reserved,      34.06 MB ( 53%) committed,  1 nodes.
      Class space:        1.00 GB reserved,       5.25 MB ( <1%) committed,  1 nodes.
             Both:        1.06 GB reserved,      39.31 MB (  4%) committed. 

Chunk freelists:
   Non-Class:  13.11 MB
       Class:  10.61 MB
        Both:  23.72 MB

MaxMetaspaceSize: unlimited
CompressedClassSpaceSize: 1.00 GB
Initial GC threshold: 21.00 MB
Current GC threshold: 58.69 MB
CDS: on
 - commit_granule_bytes: 65536.
 - commit_granule_words: 8192.
 - virtual_space_node_default_size: 8388608.
 - enlarge_chunks_in_place: 1.
 - use_allocation_guard: 0.


Internal statistics:

num_allocs_failed_limit: 8.
num_arena_births: 788.
num_arena_deaths: 0.
num_vsnodes_births: 2.
num_vsnodes_deaths: 0.
num_space_committed: 629.
num_space_uncommitted: 0.
num_chunks_returned_to_freelist: 8.
num_chunks_taken_from_freelist: 2218.
num_chunk_merges: 8.
num_chunk_splits: 1457.
num_chunks_enlarged: 994.
num_inconsistent_stats: 0.

CodeHeap 'non-profiled nmethods': size=120000Kb used=2408Kb max_used=2408Kb free=117591Kb
 bounds [0x000001885bd80000, 0x000001885bff0000, 0x00000188632b0000]
CodeHeap 'profiled nmethods': size=120000Kb used=9626Kb max_used=9771Kb free=110373Kb
 bounds [0x00000188542b0000, 0x0000018854c40000, 0x000001885b7e0000]
CodeHeap 'non-nmethods': size=5760Kb used=1504Kb max_used=1542Kb free=4256Kb
 bounds [0x000001885b7e0000, 0x000001885ba50000, 0x000001885bd80000]
 total_blobs=5137 nmethods=4560 adapters=479
 compilation: enabled
              stopped_count=0, restarted_count=0
 full_count=0

Compilation events (20 events):
Event: 18.828 Thread 0x00000188684435a0 4916       3       java.util.HashMap::afterNodeRemoval (1 bytes)
Event: 18.828 Thread 0x00000188684435a0 nmethod 4916 0x0000018854382810 code [0x00000188543829a0, 0x0000018854382aa8]
Event: 18.828 Thread 0x00000188684435a0 4917       3       java.util.stream.ForEachOps$ForEachOp::<init> (10 bytes)
Event: 18.828 Thread 0x00000188684435a0 nmethod 4917 0x000001885431ba10 code [0x000001885431bbc0, 0x000001885431bd30]
Event: 18.828 Thread 0x00000188684435a0 4918       1       java.util.ImmutableCollections$SetN::size (5 bytes)
Event: 18.828 Thread 0x00000188684435a0 nmethod 4918 0x000001885be3a090 code [0x000001885be3a220, 0x000001885be3a2e8]
Event: 18.831 Thread 0x000001886f26be70 nmethod 4915 0x000001885be39990 code [0x000001885be39b40, 0x000001885be39f60]
Event: 18.867 Thread 0x000001886f26be70 4919       4       jdk.internal.ref.CleanerImpl$PhantomCleanableRef::performCleanup (10 bytes)
Event: 18.867 Thread 0x00000188702f1880 4920       4       jdk.internal.ref.PhantomCleanable::clean (16 bytes)
Event: 18.868 Thread 0x000001886f26be70 nmethod 4919 0x000001885be39690 code [0x000001885be39820, 0x000001885be398d0]
Event: 18.872 Thread 0x00000188702f1880 nmethod 4920 0x000001885bfd9d10 code [0x000001885bfd9ee0, 0x000001885bfda4c8]
Event: 18.874 Thread 0x00000188684435a0 4921       3       java.lang.Integer::bitCount (53 bytes)
Event: 18.874 Thread 0x00000188684435a0 nmethod 4921 0x000001885431b690 code [0x000001885431b820, 0x000001885431b950]
Event: 18.874 Thread 0x00000188684435a0 4922       3       sun.nio.ch.Util::getTemporaryDirectBuffer (55 bytes)
Event: 18.875 Thread 0x00000188684435a0 nmethod 4922 0x000001885431a510 code [0x000001885431a7a0, 0x000001885431b340]
Event: 18.875 Thread 0x00000188684435a0 4923       3       sun.nio.ch.Util$BufferCache::get (164 bytes)
Event: 18.876 Thread 0x00000188684435a0 nmethod 4923 0x0000018854319590 code [0x00000188543197c0, 0x000001885431a1c0]
Event: 18.876 Thread 0x00000188684435a0 4924       3       sun.nio.ch.Util::offerFirstTemporaryDirectBuffer (53 bytes)
Event: 18.876 Thread 0x00000188684435a0 nmethod 4924 0x0000018854318490 code [0x0000018854318700, 0x0000018854319228]
Event: 19.808 Thread 0x00000188684435a0 4925       1       java.nio.DirectByteBuffer::base (2 bytes)

GC Heap History (16 events):
Event: 3.437 GC heap before
{Heap before GC invocations=0 (full 0):
 garbage-first heap   total 118784K, used 24576K [0x000000008ca00000, 0x0000000100000000)
  region size 1024K, 23 young (23552K), 0 survivors (0K)
 Metaspace       used 8394K, committed 8640K, reserved 1114112K
  class space    used 892K, committed 1024K, reserved 1048576K
}
Event: 3.454 GC heap after
{Heap after GC invocations=1 (full 0):
 garbage-first heap   total 118784K, used 9600K [0x000000008ca00000, 0x0000000100000000)
  region size 1024K, 3 young (3072K), 3 survivors (3072K)
 Metaspace       used 8394K, committed 8640K, reserved 1114112K
  class space    used 892K, committed 1024K, reserved 1048576K
}
Event: 6.513 GC heap before
{Heap before GC invocations=1 (full 0):
 garbage-first heap   total 118784K, used 35200K [0x000000008ca00000, 0x0000000100000000)
  region size 1024K, 29 young (29696K), 3 survivors (3072K)
 Metaspace       used 14474K, committed 14976K, reserved 1114112K
  class space    used 1760K, committed 1984K, reserved 1048576K
}
Event: 6.519 GC heap after
{Heap after GC invocations=2 (full 0):
 garbage-first heap   total 118784K, used 12214K [0x000000008ca00000, 0x0000000100000000)
  region size 1024K, 3 young (3072K), 3 survivors (3072K)
 Metaspace       used 14474K, committed 14976K, reserved 1114112K
  class space    used 1760K, committed 1984K, reserved 1048576K
}
Event: 7.785 GC heap before
{Heap before GC invocations=2 (full 0):
 garbage-first heap   total 118784K, used 39862K [0x000000008ca00000, 0x0000000100000000)
  region size 1024K, 32 young (32768K), 3 survivors (3072K)
 Metaspace       used 21100K, committed 21504K, reserved 1114112K
  class space    used 2618K, committed 2816K, reserved 1048576K
}
Event: 7.790 GC heap after
{Heap after GC invocations=3 (full 0):
 garbage-first heap   total 118784K, used 14605K [0x000000008ca00000, 0x0000000100000000)
  region size 1024K, 5 young (5120K), 5 survivors (5120K)
 Metaspace       used 21100K, committed 21504K, reserved 1114112K
  class space    used 2618K, committed 2816K, reserved 1048576K
}
Event: 8.838 GC heap before
{Heap before GC invocations=4 (full 0):
 garbage-first heap   total 58368K, used 43277K [0x000000008ca00000, 0x0000000100000000)
  region size 1024K, 34 young (34816K), 5 survivors (5120K)
 Metaspace       used 26046K, committed 26560K, reserved 1114112K
  class space    used 3210K, committed 3456K, reserved 1048576K
}
Event: 8.845 GC heap after
{Heap after GC invocations=5 (full 0):
 garbage-first heap   total 58368K, used 17184K [0x000000008ca00000, 0x0000000100000000)
  region size 1024K, 5 young (5120K), 5 survivors (5120K)
 Metaspace       used 26046K, committed 26560K, reserved 1114112K
  class space    used 3210K, committed 3456K, reserved 1048576K
}
Event: 10.486 GC heap before
{Heap before GC invocations=5 (full 0):
 garbage-first heap   total 58368K, used 42784K [0x000000008ca00000, 0x0000000100000000)
  region size 1024K, 30 young (30720K), 5 survivors (5120K)
 Metaspace       used 29213K, committed 29696K, reserved 1114112K
  class space    used 3597K, committed 3840K, reserved 1048576K
}
Event: 10.492 GC heap after
{Heap after GC invocations=6 (full 0):
 garbage-first heap   total 58368K, used 18910K [0x000000008ca00000, 0x0000000100000000)
  region size 1024K, 3 young (3072K), 3 survivors (3072K)
 Metaspace       used 29213K, committed 29696K, reserved 1114112K
  class space    used 3597K, committed 3840K, reserved 1048576K
}
Event: 12.890 GC heap before
{Heap before GC invocations=6 (full 0):
 garbage-first heap   total 58368K, used 45534K [0x000000008ca00000, 0x0000000100000000)
  region size 1024K, 29 young (29696K), 3 survivors (3072K)
 Metaspace       used 33666K, committed 34176K, reserved 1114112K
  class space    used 4296K, committed 4544K, reserved 1048576K
}
Event: 12.895 GC heap after
{Heap after GC invocations=7 (full 0):
 garbage-first heap   total 58368K, used 20717K [0x000000008ca00000, 0x0000000100000000)
  region size 1024K, 4 young (4096K), 4 survivors (4096K)
 Metaspace       used 33666K, committed 34176K, reserved 1114112K
  class space    used 4296K, committed 4544K, reserved 1048576K
}
Event: 13.812 GC heap before
{Heap before GC invocations=7 (full 0):
 garbage-first heap   total 58368K, used 28909K [0x000000008ca00000, 0x0000000100000000)
  region size 1024K, 13 young (13312K), 4 survivors (4096K)
 Metaspace       used 35382K, committed 35968K, reserved 1114112K
  class space    used 4579K, committed 4864K, reserved 1048576K
}
Event: 13.817 GC heap after
{Heap after GC invocations=8 (full 0):
 garbage-first heap   total 58368K, used 22044K [0x000000008ca00000, 0x0000000100000000)
  region size 1024K, 2 young (2048K), 2 survivors (2048K)
 Metaspace       used 35382K, committed 35968K, reserved 1114112K
  class space    used 4579K, committed 4864K, reserved 1048576K
}
Event: 18.863 GC heap before
{Heap before GC invocations=9 (full 0):
 garbage-first heap   total 58368K, used 46620K [0x000000008ca00000, 0x0000000100000000)
  region size 1024K, 26 young (26624K), 2 survivors (2048K)
 Metaspace       used 39528K, committed 40192K, reserved 1114112K
  class space    used 5085K, committed 5376K, reserved 1048576K
}
Event: 18.867 GC heap after
{Heap after GC invocations=10 (full 0):
 garbage-first heap   total 58368K, used 24235K [0x000000008ca00000, 0x0000000100000000)
  region size 1024K, 4 young (4096K), 4 survivors (4096K)
 Metaspace       used 39528K, committed 40192K, reserved 1114112K
  class space    used 5085K, committed 5376K, reserved 1048576K
}

Dll operation events (12 events):
Event: 0.164 Loaded shared library C:\Program Files\Java\jdk-21\bin\java.dll
Event: 0.607 Loaded shared library C:\Program Files\Java\jdk-21\bin\jsvml.dll
Event: 1.703 Loaded shared library C:\Program Files\Java\jdk-21\bin\zip.dll
Event: 1.741 Loaded shared library C:\Program Files\Java\jdk-21\bin\instrument.dll
Event: 1.769 Loaded shared library C:\Program Files\Java\jdk-21\bin\net.dll
Event: 1.782 Loaded shared library C:\Program Files\Java\jdk-21\bin\nio.dll
Event: 1.796 Loaded shared library C:\Program Files\Java\jdk-21\bin\zip.dll
Event: 1.913 Loaded shared library C:\Program Files\Java\jdk-21\bin\jimage.dll
Event: 2.377 Loaded shared library C:\Program Files\Java\jdk-21\bin\management.dll
Event: 2.413 Loaded shared library C:\Program Files\Java\jdk-21\bin\extnet.dll
Event: 2.436 Loaded shared library C:\Program Files\Java\jdk-21\bin\management_ext.dll
Event: 8.442 Loaded shared library C:\Program Files\Java\jdk-21\bin\sunmscapi.dll

Deoptimization events (20 events):
Event: 14.710 Thread 0x000001886d9e6ba0 Uncommon trap: trap_request=0xffffff45 fr.pc=0x000001885bf93458 relative=0x0000000000003cd8
Event: 14.710 Thread 0x000001886d9e6ba0 Uncommon trap: reason=unstable_if action=reinterpret pc=0x000001885bf93458 method=org.springframework.core.ResolvableType.resolveClass()Ljava/lang/Class; @ 38 c2
Event: 14.710 Thread 0x000001886d9e6ba0 DEOPT PACKING pc=0x000001885bf93458 sp=0x0000003d7fffb230
Event: 14.711 Thread 0x000001886d9e6ba0 DEOPT UNPACKING pc=0x000001885b8346a2 sp=0x0000003d7fffb148 mode 2
Event: 15.604 Thread 0x000001886d9e6ba0 Uncommon trap: trap_request=0xffffff45 fr.pc=0x000001885bda138c relative=0x000000000000006c
Event: 15.604 Thread 0x000001886d9e6ba0 Uncommon trap: reason=unstable_if action=reinterpret pc=0x000001885bda138c method=java.lang.ClassLoader.createOrGetClassLoaderValueMap()Ljava/util/concurrent/ConcurrentHashMap; @ 6 c2
Event: 15.604 Thread 0x000001886d9e6ba0 DEOPT PACKING pc=0x000001885bda138c sp=0x0000003d7fffa450
Event: 15.604 Thread 0x000001886d9e6ba0 DEOPT UNPACKING pc=0x000001885b8346a2 sp=0x0000003d7fffa3d8 mode 2
Event: 15.613 Thread 0x000001886d9e6ba0 Uncommon trap: trap_request=0xffffff45 fr.pc=0x000001885be860d0 relative=0x0000000000000650
Event: 15.613 Thread 0x000001886d9e6ba0 Uncommon trap: reason=unstable_if action=reinterpret pc=0x000001885be860d0 method=java.lang.StringConcatHelper.stringOf(Ljava/lang/Object;)Ljava/lang/String; @ 1 c2
Event: 15.613 Thread 0x000001886d9e6ba0 DEOPT PACKING pc=0x000001885be860d0 sp=0x0000003d7fffa780
Event: 15.613 Thread 0x000001886d9e6ba0 DEOPT UNPACKING pc=0x000001885b8346a2 sp=0x0000003d7fffa6d0 mode 2
Event: 18.857 Thread 0x000001886d9e6ba0 Uncommon trap: trap_request=0xffffff45 fr.pc=0x000001885bee4d54 relative=0x0000000000000194
Event: 18.857 Thread 0x000001886d9e6ba0 Uncommon trap: reason=unstable_if action=reinterpret pc=0x000001885bee4d54 method=sun.net.www.ParseUtil.encodePath(Ljava/lang/String;Z)Ljava/lang/String; @ 1 c2
Event: 18.857 Thread 0x000001886d9e6ba0 DEOPT PACKING pc=0x000001885bee4d54 sp=0x0000003d7fffa0f0
Event: 18.857 Thread 0x000001886d9e6ba0 DEOPT UNPACKING pc=0x000001885b8346a2 sp=0x0000003d7fffa0a8 mode 2
Event: 18.857 Thread 0x000001886d9e6ba0 Uncommon trap: trap_request=0xffffff45 fr.pc=0x000001885be455ec relative=0x000000000000012c
Event: 18.857 Thread 0x000001886d9e6ba0 Uncommon trap: reason=unstable_if action=reinterpret pc=0x000001885be455ec method=java.net.URI.match(CJJ)Z @ 45 c2
Event: 18.857 Thread 0x000001886d9e6ba0 DEOPT PACKING pc=0x000001885be455ec sp=0x0000003d7fff9c00
Event: 18.857 Thread 0x000001886d9e6ba0 DEOPT UNPACKING pc=0x000001885b8346a2 sp=0x0000003d7fff9b28 mode 2

Classes loaded (20 events):
Event: 15.620 Loading class java/util/stream/ReduceOps$CountingSink done
Event: 15.621 Loading class java/util/stream/ReduceOps$CountingSink$OfInt done
Event: 18.782 Loading class java/util/concurrent/ThreadPoolExecutor$DiscardPolicy
Event: 18.783 Loading class java/util/concurrent/ThreadPoolExecutor$DiscardPolicy done
Event: 18.788 Loading class java/util/concurrent/atomic/AtomicIntegerFieldUpdater
Event: 18.789 Loading class java/util/concurrent/atomic/AtomicIntegerFieldUpdater done
Event: 18.789 Loading class java/util/concurrent/atomic/AtomicIntegerFieldUpdater$AtomicIntegerFieldUpdaterImpl
Event: 18.790 Loading class java/util/concurrent/atomic/AtomicIntegerFieldUpdater$AtomicIntegerFieldUpdaterImpl done
Event: 18.790 Loading class java/util/concurrent/atomic/AtomicIntegerFieldUpdater$AtomicIntegerFieldUpdaterImpl$1
Event: 18.790 Loading class java/util/concurrent/atomic/AtomicIntegerFieldUpdater$AtomicIntegerFieldUpdaterImpl$1 done
Event: 18.834 Loading class java/net/ConnectException
Event: 18.835 Loading class java/net/ConnectException done
Event: 18.844 Loading class javax/net/ssl/SSLSocketFactory
Event: 18.844 Loading class javax/net/SocketFactory
Event: 18.845 Loading class javax/net/SocketFactory done
Event: 18.845 Loading class javax/net/ssl/SSLSocketFactory done
Event: 18.847 Loading class javax/net/DefaultSocketFactory
Event: 18.847 Loading class javax/net/DefaultSocketFactory done
Event: 18.853 Loading class java/io/EOFException
Event: 18.853 Loading class java/io/EOFException done

Classes unloaded (0 events):
No events

Classes redefined (0 events):
No events

Internal exceptions (20 events):
Event: 13.682 Thread 0x000001886d9e6ba0 Exception <a 'java/lang/NoSuchMethodError'{0x0000000091949e08}: 'void java.lang.invoke.DirectMethodHandle$Holder.invokeSpecial(java.lang.Object, java.lang.Object, java.lang.Object, java.lang.Object, java.lang.Object, java.lang.Object, java.lang.Object)'> (0x0000000091949e08) 
thrown [s\open\src\hotspot\share\interpreter\linkResolver.cpp, line 773]
Event: 13.740 Thread 0x000001886d9e6ba0 Exception <a 'java/lang/NoSuchMethodError'{0x000000008fb0e3a8}: 'void java.lang.invoke.DirectMethodHandle$Holder.invokeInterface(java.lang.Object, java.lang.Object, int)'> (0x000000008fb0e3a8) 
thrown [s\open\src\hotspot\share\interpreter\linkResolver.cpp, line 773]
Event: 13.757 Thread 0x000001886d9e6ba0 Exception <a 'java/lang/IncompatibleClassChangeError'{0x000000008fb51210}: Found class java.lang.Object, but interface was expected> (0x000000008fb51210) 
thrown [s\open\src\hotspot\share\interpreter\linkResolver.cpp, line 840]
Event: 13.758 Thread 0x000001886d9e6ba0 Exception <a 'java/lang/NoSuchMethodError'{0x000000008fb5f2c8}: 'int java.lang.invoke.DirectMethodHandle$Holder.invokeSpecialIFC(java.lang.Object, java.lang.Object, java.lang.Object)'> (0x000000008fb5f2c8) 
thrown [s\open\src\hotspot\share\interpreter\linkResolver.cpp, line 773]
Event: 13.766 Thread 0x000001886d9e6ba0 Exception <a 'java/lang/NoSuchMethodError'{0x000000008fb74560}: 'void java.lang.invoke.DirectMethodHandle$Holder.invokeStatic(java.lang.Object, int, java.lang.Object)'> (0x000000008fb74560) 
thrown [s\open\src\hotspot\share\interpreter\linkResolver.cpp, line 773]
Event: 13.775 Thread 0x000001886d9e6ba0 Exception <a 'java/lang/NoSuchMethodError'{0x000000008fba1208}: 'int java.lang.invoke.DirectMethodHandle$Holder.invokeSpecial(java.lang.Object, java.lang.Object, int)'> (0x000000008fba1208) 
thrown [s\open\src\hotspot\share\interpreter\linkResolver.cpp, line 773]
Event: 13.781 Thread 0x000001886d9e6ba0 Exception <a 'java/lang/NoSuchMethodError'{0x000000008fbaf470}: 'void java.lang.invoke.DirectMethodHandle$Holder.invokeStatic(java.lang.Object, java.lang.Object, java.lang.Object, int, java.lang.Object)'> (0x000000008fbaf470) 
thrown [s\open\src\hotspot\share\interpreter\linkResolver.cpp, line 773]
Event: 13.782 Thread 0x000001886d9e6ba0 Exception <a 'java/lang/NoSuchMethodError'{0x000000008fbb5cd0}: 'java.lang.Object java.lang.invoke.DirectMethodHandle$Holder.newInvokeSpecial(java.lang.Object, java.lang.Object, java.lang.Object, int)'> (0x000000008fbb5cd0) 
thrown [s\open\src\hotspot\share\interpreter\linkResolver.cpp, line 773]
Event: 13.783 Thread 0x000001886d9e6ba0 Exception <a 'java/lang/NoSuchMethodError'{0x000000008fbb9b60}: 'java.lang.Object java.lang.invoke.DirectMethodHandle$Holder.invokeSpecial(java.lang.Object, java.lang.Object, java.lang.Object, java.lang.Object, int)'> (0x000000008fbb9b60) 
thrown [s\open\src\hotspot\share\interpreter\linkResolver.cpp, line 773]
Event: 13.783 Thread 0x000001886d9e6ba0 Exception <a 'java/lang/NoSuchMethodError'{0x000000008fbbcff8}: 'java.lang.Object java.lang.invoke.Invokers$Holder.linkToTargetMethod(java.lang.Object, java.lang.Object, int, java.lang.Object)'> (0x000000008fbbcff8) 
thrown [s\open\src\hotspot\share\interpreter\linkResolver.cpp, line 773]
Event: 14.339 Thread 0x000001886d9e6ba0 Exception <a 'java/lang/NoSuchMethodError'{0x000000008f6d7170}: 'int java.lang.invoke.DirectMethodHandle$Holder.invokeVirtual(java.lang.Object, java.lang.Object, java.lang.Object, java.lang.Object)'> (0x000000008f6d7170) 
thrown [s\open\src\hotspot\share\interpreter\linkResolver.cpp, line 773]
Event: 14.339 Thread 0x000001886d9e6ba0 Exception <a 'java/lang/NoSuchMethodError'{0x000000008f6daa00}: 'int java.lang.invoke.DelegatingMethodHandle$Holder.reinvoke_L(java.lang.Object, java.lang.Object, java.lang.Object, java.lang.Object)'> (0x000000008f6daa00) 
thrown [s\open\src\hotspot\share\interpreter\linkResolver.cpp, line 773]
Event: 14.417 Thread 0x000001886d9e6ba0 Exception <a 'java/io/FileNotFoundException'{0x000000008f5ee048}> (0x000000008f5ee048) 
thrown [s\open\src\hotspot\share\prims\jni.cpp, line 520]
Event: 14.553 Thread 0x000001886d9e6ba0 Exception <a 'java/lang/NoSuchMethodError'{0x000000008f2591d0}: 'int java.lang.invoke.DirectMethodHandle$Holder.invokeInterface(java.lang.Object, java.lang.Object, java.lang.Object, java.lang.Object)'> (0x000000008f2591d0) 
thrown [s\open\src\hotspot\share\interpreter\linkResolver.cpp, line 773]
Event: 14.643 Thread 0x000001886d9e6ba0 Exception <a 'java/lang/NoSuchMethodError'{0x000000008f1983f8}: 'void java.lang.invoke.Invokers$Holder.invokeExact_MT(java.lang.Object, java.lang.Object, java.lang.Object, java.lang.Object)'> (0x000000008f1983f8) 
thrown [s\open\src\hotspot\share\interpreter\linkResolver.cpp, line 773]
Event: 14.738 Thread 0x000001886d9e6ba0 Exception <a 'java/lang/NoSuchMethodError'{0x000000008ef753f8}: 'java.lang.Object java.lang.invoke.DirectMethodHandle$Holder.invokeVirtual(java.lang.Object, java.lang.Object, java.lang.Object, java.lang.Object, java.lang.Object, java.lang.Object, java.lang.Object, java.lang.Object, java.lang.Object, java.lang.Object)'> (0x000000008ef753f8) 
thrown [s\open\src\hotspot\share\interpreter\linkResolver.cpp, line 773]
Event: 14.943 Thread 0x000001886d9e6ba0 Exception <a 'java/lang/NoSuchMethodError'{0x000000008edeae90}: 'org.flywaydb.core.api.configuration.FluentConfiguration org.flywaydb.core.api.configuration.FluentConfiguration.executeInTransaction(boolean)'> (0x000000008edeae90) 
thrown [s\open\src\hotspot\share\interpreter\linkResolver.cpp, line 773]
Event: 15.613 Thread 0x000001886d9e6ba0 Implicit null exception at 0x000001885be85ab3 to 0x000001885be860b8
Event: 18.796 Thread 0x000001886d9e6ba0 Exception <a 'java/lang/NoSuchMethodError'{0x000000008eaf6698}: method resolution failed> (0x000000008eaf6698) 
thrown [s\open\src\hotspot\share\prims\methodHandles.cpp, line 1144]
Event: 18.824 Thread 0x000001886d9e6ba0 Exception <a 'java/lang/NoSuchMethodError'{0x000000008e942140}: 'int java.lang.invoke.DirectMethodHandle$Holder.invokeStaticInit(java.lang.Object, java.lang.Object, java.lang.Object, java.lang.Object)'> (0x000000008e942140) 
thrown [s\open\src\hotspot\share\interpreter\linkResolver.cpp, line 773]

ZGC Phase Switch (0 events):
No events

VM Operations (20 events):
Event: 11.813 Executing VM operation: HandshakeAllThreads (Deoptimize) done
Event: 12.816 Executing VM operation: Cleanup
Event: 12.816 Executing VM operation: Cleanup done
Event: 12.890 Executing VM operation: G1CollectForAllocation (G1 Evacuation Pause)
Event: 12.895 Executing VM operation: G1CollectForAllocation (G1 Evacuation Pause) done
Event: 12.902 Executing VM operation: HandshakeAllThreads (Deoptimize)
Event: 12.903 Executing VM operation: HandshakeAllThreads (Deoptimize) done
Event: 13.812 Executing VM operation: CollectForMetadataAllocation (Metadata GC Threshold)
Event: 13.817 Executing VM operation: CollectForMetadataAllocation (Metadata GC Threshold) done
Event: 13.833 Executing VM operation: G1PauseRemark
Event: 13.837 Executing VM operation: G1PauseRemark done
Event: 13.844 Executing VM operation: G1PauseCleanup
Event: 13.845 Executing VM operation: G1PauseCleanup done
Event: 14.503 Executing VM operation: HandshakeAllThreads (Deoptimize)
Event: 14.503 Executing VM operation: HandshakeAllThreads (Deoptimize) done
Event: 15.510 Executing VM operation: Cleanup
Event: 15.528 Executing VM operation: Cleanup done
Event: 18.863 Executing VM operation: G1CollectForAllocation (G1 Evacuation Pause)
Event: 18.867 Executing VM operation: G1CollectForAllocation (G1 Evacuation Pause) done
Event: 19.870 Executing VM operation: Cleanup

Events (20 events):
Event: 13.836 Thread 0x0000018868405bf0 flushing nmethod 0x000001885436d710
Event: 13.836 Thread 0x0000018868405bf0 flushing nmethod 0x000001885436e710
Event: 13.836 Thread 0x0000018868405bf0 flushing nmethod 0x000001885436eb10
Event: 13.836 Thread 0x0000018868405bf0 flushing nmethod 0x000001885436f490
Event: 13.836 Thread 0x0000018868405bf0 flushing nmethod 0x00000188543a7a10
Event: 13.836 Thread 0x0000018868405bf0 flushing nmethod 0x00000188543a8810
Event: 13.836 Thread 0x0000018868405bf0 flushing nmethod 0x00000188543aea10
Event: 13.836 Thread 0x0000018868405bf0 flushing nmethod 0x00000188543af710
Event: 13.836 Thread 0x0000018868405bf0 flushing nmethod 0x00000188543e1110
Event: 13.836 Thread 0x0000018868405bf0 flushing nmethod 0x0000018854432090
Event: 13.836 Thread 0x0000018868405bf0 flushing nmethod 0x0000018854464610
Event: 13.836 Thread 0x0000018868405bf0 flushing nmethod 0x00000188544b2e90
Event: 13.836 Thread 0x0000018868405bf0 flushing nmethod 0x00000188544ba990
Event: 13.836 Thread 0x0000018868405bf0 flushing nmethod 0x000001885458e310
Event: 13.836 Thread 0x0000018868405bf0 flushing nmethod 0x0000018854598210
Event: 13.836 Thread 0x0000018868405bf0 flushing nmethod 0x0000018854620710
Event: 18.781 Thread 0x000001886f26be70 Thread added: 0x000001886f26be70
Event: 18.781 Thread 0x00000188702f1880 Thread added: 0x00000188702f1880
Event: 19.808 Thread 0x00000188702f1880 Thread exited: 0x00000188702f1880
Event: 19.808 Thread 0x000001886f26be70 Thread exited: 0x000001886f26be70


Dynamic libraries:
0x00007ff62a000000 - 0x00007ff62a010000 	C:\Program Files\Java\jdk-21\bin\java.exe
0x00007fff53000000 - 0x00007fff53268000 	C:\WINDOWS\SYSTEM32\ntdll.dll
0x00007fff51ee0000 - 0x00007fff51fa9000 	C:\WINDOWS\System32\KERNEL32.DLL
0x00007fff50710000 - 0x00007fff50b02000 	C:\WINDOWS\System32\KERNELBASE.dll
0x00007fff502d0000 - 0x00007fff5041b000 	C:\WINDOWS\System32\ucrtbase.dll
0x00007fff404f0000 - 0x00007fff40509000 	C:\Program Files\Java\jdk-21\bin\jli.dll
0x00007fff3cb20000 - 0x00007fff3cb3b000 	C:\Program Files\Java\jdk-21\bin\VCRUNTIME140.dll
0x00007fff51990000 - 0x00007fff51a44000 	C:\WINDOWS\System32\ADVAPI32.dll
0x00007fff51e30000 - 0x00007fff51ed9000 	C:\WINDOWS\System32\msvcrt.dll
0x00007fff52160000 - 0x00007fff52206000 	C:\WINDOWS\System32\sechost.dll
0x00007fff52ea0000 - 0x00007fff52fb8000 	C:\WINDOWS\System32\RPCRT4.dll
0x00007fff517a0000 - 0x00007fff51965000 	C:\WINDOWS\System32\USER32.dll
0x00007fff50bd0000 - 0x00007fff50bf7000 	C:\WINDOWS\System32\win32u.dll
0x00007fff520b0000 - 0x00007fff520db000 	C:\WINDOWS\System32\GDI32.dll
0x00007fff50ca0000 - 0x00007fff50dcd000 	C:\WINDOWS\System32\gdi32full.dll
0x00007fff50190000 - 0x00007fff50233000 	C:\WINDOWS\System32\msvcp_win.dll
0x00007fff30470000 - 0x00007fff30703000 	C:\WINDOWS\WinSxS\amd64_microsoft.windows.common-controls_6595b64144ccf1df_6.0.26100.6899_none_3e0efeeae32e88c1\COMCTL32.dll
0x00007fff42d20000 - 0x00007fff42d2b000 	C:\WINDOWS\SYSTEM32\VERSION.dll
0x00007fff523e0000 - 0x00007fff5240f000 	C:\WINDOWS\System32\IMM32.DLL
0x00007fff40490000 - 0x00007fff4049c000 	C:\Program Files\Java\jdk-21\bin\vcruntime140_1.dll
0x00007fff16a60000 - 0x00007fff16aee000 	C:\Program Files\Java\jdk-21\bin\msvcp140.dll
0x00007ffe9c960000 - 0x00007ffe9d67d000 	C:\Program Files\Java\jdk-21\bin\server\jvm.dll
0x00007fff528c0000 - 0x00007fff52934000 	C:\WINDOWS\System32\WS2_32.dll
0x00007fff4fff0000 - 0x00007fff5004e000 	C:\WINDOWS\SYSTEM32\POWRPROF.dll
0x00007fff463b0000 - 0x00007fff463e5000 	C:\WINDOWS\SYSTEM32\WINMM.dll
0x00007fff4ffd0000 - 0x00007fff4ffe4000 	C:\WINDOWS\SYSTEM32\UMPDC.dll
0x00007fff4ef60000 - 0x00007fff4ef7b000 	C:\WINDOWS\SYSTEM32\kernel.appcore.dll
0x00007fff3ebd0000 - 0x00007fff3ebda000 	C:\Program Files\Java\jdk-21\bin\jimage.dll
0x00007fff4d9c0000 - 0x00007fff4dc02000 	C:\WINDOWS\SYSTEM32\DBGHELP.DLL
0x00007fff51ab0000 - 0x00007fff51e2b000 	C:\WINDOWS\System32\combase.dll
0x00007fff52c10000 - 0x00007fff52ce7000 	C:\WINDOWS\System32\OLEAUT32.dll
0x00007fff390b0000 - 0x00007fff390ec000 	C:\WINDOWS\SYSTEM32\dbgcore.DLL
0x00007fff50c00000 - 0x00007fff50c98000 	C:\WINDOWS\System32\bcryptPrimitives.dll
0x00007fff41710000 - 0x00007fff4171f000 	C:\Program Files\Java\jdk-21\bin\instrument.dll
0x00007fff3ca10000 - 0x00007fff3ca2f000 	C:\Program Files\Java\jdk-21\bin\java.dll
0x00007fff50ee0000 - 0x00007fff5162d000 	C:\WINDOWS\System32\SHELL32.dll
0x00007fff50420000 - 0x00007fff5058b000 	C:\WINDOWS\System32\wintypes.dll
0x00007fff4dde0000 - 0x00007fff4e63d000 	C:\WINDOWS\SYSTEM32\windows.storage.dll
0x00007fff50de0000 - 0x00007fff50ed2000 	C:\WINDOWS\System32\SHCORE.dll
0x00007fff52b20000 - 0x00007fff52b82000 	C:\WINDOWS\System32\shlwapi.dll
0x00007fff500b0000 - 0x00007fff500d9000 	C:\WINDOWS\SYSTEM32\profapi.dll
0x00007fff00d20000 - 0x00007fff00df7000 	C:\Program Files\Java\jdk-21\bin\jsvml.dll
0x00007fff3c610000 - 0x00007fff3c628000 	C:\Program Files\Java\jdk-21\bin\zip.dll
0x00007fff3ea90000 - 0x00007fff3eaa0000 	C:\Program Files\Java\jdk-21\bin\net.dll
0x00007fff461e0000 - 0x00007fff462ff000 	C:\WINDOWS\SYSTEM32\WINHTTP.dll
0x00007fff4f4d0000 - 0x00007fff4f53b000 	C:\WINDOWS\system32\mswsock.dll
0x00007fff3c930000 - 0x00007fff3c946000 	C:\Program Files\Java\jdk-21\bin\nio.dll
0x00007fff4ea50000 - 0x00007fff4eb76000 	C:\WINDOWS\SYSTEM32\DNSAPI.dll
0x00007fff4e9b0000 - 0x00007fff4e9e4000 	C:\WINDOWS\SYSTEM32\IPHLPAPI.DLL
0x00007fff52e90000 - 0x00007fff52e9a000 	C:\WINDOWS\System32\NSI.dll
0x00007fff45750000 - 0x00007fff4575b000 	C:\Windows\System32\rasadhlp.dll
0x00007fff4a5c0000 - 0x00007fff4a646000 	C:\WINDOWS\System32\fwpuclnt.dll
0x00007fff3d540000 - 0x00007fff3d54a000 	C:\Program Files\Java\jdk-21\bin\management.dll
0x00007fff3b8e0000 - 0x00007fff3b8e9000 	C:\Program Files\Java\jdk-21\bin\extnet.dll
0x00007fff3be20000 - 0x00007fff3be2b000 	C:\Program Files\Java\jdk-21\bin\management_ext.dll
0x00007fff51790000 - 0x00007fff51798000 	C:\WINDOWS\System32\PSAPI.DLL
0x00007fff4f780000 - 0x00007fff4f79b000 	C:\WINDOWS\SYSTEM32\CRYPTSP.dll
0x00007fff4eec0000 - 0x00007fff4eefb000 	C:\WINDOWS\system32\rsaenh.dll
0x00007fff4f570000 - 0x00007fff4f59b000 	C:\WINDOWS\SYSTEM32\USERENV.dll
0x00007fff50080000 - 0x00007fff500a6000 	C:\WINDOWS\SYSTEM32\bcrypt.dll
0x00007fff4f7a0000 - 0x00007fff4f7ac000 	C:\WINDOWS\SYSTEM32\CRYPTBASE.dll
0x00007fff3f940000 - 0x00007fff3f958000 	C:\WINDOWS\system32\napinsp.dll
0x00007fff3f920000 - 0x00007fff3f932000 	C:\WINDOWS\System32\winrnr.dll
0x00007fff3f8f0000 - 0x00007fff3f918000 	C:\WINDOWS\system32\nlansp_c.dll
0x00007fff3f8d0000 - 0x00007fff3f8e6000 	C:\WINDOWS\system32\wshbth.dll
0x00007fff41e50000 - 0x00007fff41ea6000 	C:\WINDOWS\SYSTEM32\pdh.dll
0x00007fff454b0000 - 0x00007fff454c2000 	C:\WINDOWS\System32\perfproc.dll
0x00007fff18240000 - 0x00007fff18251000 	C:\WINDOWS\System32\perfos.dll
0x00007fff4e660000 - 0x00007fff4e672000 	C:\WINDOWS\SYSTEM32\pfclient.dll
0x00007fff3be10000 - 0x00007fff3be1e000 	C:\Program Files\Java\jdk-21\bin\sunmscapi.dll
0x00007fff50590000 - 0x00007fff50707000 	C:\WINDOWS\System32\CRYPT32.dll
0x00007fff4f9a0000 - 0x00007fff4f9d0000 	C:\WINDOWS\SYSTEM32\ncrypt.dll
0x00007fff4f950000 - 0x00007fff4f98f000 	C:\WINDOWS\SYSTEM32\NTASN1.dll

dbghelp: loaded successfully - version: 4.0.5 - missing functions: none
symbol engine: initialized successfully - sym options: 0x614 - pdb path: .;C:\Program Files\Java\jdk-21\bin;C:\WINDOWS\SYSTEM32;C:\WINDOWS\WinSxS\amd64_microsoft.windows.common-controls_6595b64144ccf1df_6.0.26100.6899_none_3e0efeeae32e88c1;C:\Program Files\Java\jdk-21\bin\server

VM Arguments:
jvm_args: -javaagent:C:\Program Files\JetBrains\IntelliJ IDEA Community Edition 2025.2.1\lib\idea_rt.jar=59072 -Dfile.encoding=UTF-8 -Dsun.stdout.encoding=UTF-8 -Dsun.stderr.encoding=UTF-8 
java_command: com.example.paintlab.PaintlabApplication
java_class_path (initial): C:\Users\daniu\OneDrive\Área de Trabalho\PFC\paintlab\paintlab\target\classes;C:\Users\daniu\.m2\repository\org\springframework\boot\spring-boot-starter-data-jpa\3.5.5\spring-boot-starter-data-jpa-3.5.5.jar;C:\Users\daniu\.m2\repository\org\springframework\boot\spring-boot-starter\3.5.5\spring-boot-starter-3.5.5.jar;C:\Users\daniu\.m2\repository\org\springframework\boot\spring-boot-starter-logging\3.5.5\spring-boot-starter-logging-3.5.5.jar;C:\Users\daniu\.m2\repository\ch\qos\logback\logback-classic\1.5.18\logback-classic-1.5.18.jar;C:\Users\daniu\.m2\repository\ch\qos\logback\logback-core\1.5.18\logback-core-1.5.18.jar;C:\Users\daniu\.m2\repository\org\apache\logging\log4j\log4j-to-slf4j\2.24.3\log4j-to-slf4j-2.24.3.jar;C:\Users\daniu\.m2\repository\org\apache\logging\log4j\log4j-api\2.24.3\log4j-api-2.24.3.jar;C:\Users\daniu\.m2\repository\org\slf4j\jul-to-slf4j\2.0.17\jul-to-slf4j-2.0.17.jar;C:\Users\daniu\.m2\repository\jakarta\annotation\jakarta.annotation-api\2.1.1\jakarta.annotation-api-2.1.1.jar;C:\Users\daniu\.m2\repository\org\yaml\snakeyaml\2.4\snakeyaml-2.4.jar;C:\Users\daniu\.m2\repository\org\springframework\boot\spring-boot-starter-jdbc\3.5.5\spring-boot-starter-jdbc-3.5.5.jar;C:\Users\daniu\.m2\repository\com\zaxxer\HikariCP\6.3.2\HikariCP-6.3.2.jar;C:\Users\daniu\.m2\repository\org\springframework\spring-jdbc\6.2.10\spring-jdbc-6.2.10.jar;C:\Users\daniu\.m2\repository\org\hibernate\orm\hibernate-core\6.6.26.Final\hibernate-core-6.6.26.Final.jar;C:\Users\daniu\.m2\repository\jakarta\persistence\jakarta.persistence-api\3.1.0\jakarta.persistence-api-3.1.0.jar;C:\Users\daniu\.m2\repository\jakarta\transaction\jakarta.transaction-api\2.0.1\jakarta.transaction-api-2.0.1.jar;C:\Users\daniu\.m2\repository\org\hibernate\common\hibernate-commons-annotations\7.0.3.Final\hibernate-commons-annotations-7.0.3.Final.jar;C:\Users\daniu\.m2\repository\io\smallrye\jandex\3.2.0\jandex-3.2.0.jar;C:\Users\daniu\.m2\repository\net\bytebuddy\byte-buddy\1.17.7\byte-buddy-1.17.7.jar;C:\Users\daniu\.m2\repository\org\glassfish\jaxb\jaxb-runtime\4.0.5\jaxb-runtime-4.0.5.jar;C:\Users\daniu\.m2\repository\org\glassfish\jaxb\jaxb-core\4.0.5\jaxb-core-4.0.5.jar;C:\Users\daniu\.m2\repository\org\eclipse\angus\angus-activation\2.0.2\angus-activation-2.0.2.jar;C:\Users\daniu\.m2\repository\org\glassfish\jaxb\txw2\4.0.5\txw2-4.0.5.jar;C:\Users\daniu\.m2\repository\com\sun\istack\istack-commons-runtime\4.1.2\istack-commons-runtime-4.1.2.jar;C:\Users\daniu\.m2\repository\jakarta\inject\jakarta.inject-api\2.0.1\jakarta.inject-api-2.0.1.jar;C:\Users\daniu\.m2\repository\org\antlr\antlr4-runtime\4.13.0\antlr4-runtime-4.13.0.jar;C:\Users\daniu\.m2\repository\org\springframework\data\spring-data-jpa\3.5.3\spring-data-jpa-3.5.3.jar;C:\Users\daniu\.m2\repository\org\springframework\data\spring-data-commons\3.5.3\spring-data-commons-3.5.3.jar;C:\Users\daniu\.m2\repository\org\springframework\spring-orm\6.2.10\spring-orm-6.2.10.jar;C:\Users\daniu\.m2\repository\org\springframework\spring-context\6.2.10\spring-context-6.2.10.jar;C:\Users\daniu\.m2\repository\org\springframework\spring-tx\6.2.10\spring-tx-6.2.10.jar;C:\Users\daniu\.m2\repository\org\springframework\spring-beans\6.2.10\spring-beans-6.2.10.jar;C:\Users\daniu\.m2\repository\org\slf4j\slf4j-api\2.0.17\slf4j-api-2.0.17.jar;C:\Users\daniu\.m2\repository\org\springframework\spring-aspects\6.2.10\spring-aspects-6.2.10.jar;C:\Users\daniu\.m2\repository\org\aspectj\aspectjweaver\1.9.24\aspectjweaver-1.9.24.jar;C:\Users\daniu\.m2\repository\org\springframework\boot\spring-boot-starter-web\3.5.5\spring-boot-starter-web-3.5.5.jar;C:\Users\daniu\.m2\repository\org\springframework\boot\spring-boot-starter-json\3.5.5\spring-boot-starter-json-3.5.5.jar;C:\Users\daniu\.m2\repository\com\fasterxml\jackson\datatype\jackson-datatype-jdk8\2.19.2\jackson-datatype-jdk8-2.19.2.jar;C:\Users\daniu\.m2\repository\com\fasterxml\jackson\datatype\jackson-datatype-jsr310\2.19.2\jackson-datatype-jsr310-2.19.2.jar;C:\Users\daniu\.m2\repository\com\fasterxml\jackson\module\jackson-module-parameter-names\2.19.2\jackson-module-parameter-names-2.19.2.jar;C:\Users\daniu\.m2\repository\org\springframework\boot\spring-boot-starter-tomcat\3.5.5\spring-boot-starter-tomcat-3.5.5.jar;C:\Users\daniu\.m2\repository\org\apache\tomcat\embed\tomcat-embed-core\10.1.44\tomcat-embed-core-10.1.44.jar;C:\Users\daniu\.m2\repository\org\apache\tomcat\embed\tomcat-embed-el\10.1.44\tomcat-embed-el-10.1.44.jar;C:\Users\daniu\.m2\repository\org\apache\tomcat\embed\tomcat-embed-websocket\10.1.44\tomcat-embed-websocket-10.1.44.jar;C:\Users\daniu\.m2\repository\org\springframework\spring-web\6.2.10\spring-web-6.2.10.jar;C:\Users\daniu\.m2\repository\io\micrometer\micrometer-observation\1.15.3\micrometer-observation-1.15.3.jar;C:\Users\daniu\.m2\repository\io\micrometer\micrometer-commons\1.15.3\micrometer-commons-1.15.3.jar;C:\Users\daniu\.m2\repository\org\springframework\spring-webmvc\6.2.10\spring-webmvc-6.2.10.jar;C:\Users\daniu\.m2\repository\org\springframework\spring-expression\6.2.10\spring-expression-6.2.10.jar;C:\Users\daniu\.m2\repository\org\springframework\boot\spring-boot-devtools\3.5.5\spring-boot-devtools-3.5.5.jar;C:\Users\daniu\.m2\repository\org\springframework\boot\spring-boot\3.5.5\spring-boot-3.5.5.jar;C:\Users\daniu\.m2\repository\org\springframework\boot\spring-boot-autoconfigure\3.5.5\spring-boot-autoconfigure-3.5.5.jar;C:\Users\daniu\.m2\repository\org\postgresql\postgresql\42.7.7\postgresql-42.7.7.jar;C:\Users\daniu\.m2\repository\org\checkerframework\checker-qual\3.49.3\checker-qual-3.49.3.jar;C:\Users\daniu\.m2\repository\org\projectlombok\lombok\1.18.38\lombok-1.18.38.jar;C:\Users\daniu\.m2\repository\jakarta\xml\bind\jakarta.xml.bind-api\4.0.2\jakarta.xml.bind-api-4.0.2.jar;C:\Users\daniu\.m2\repository\jakarta\activation\jakarta.activation-api\2.1.3\jakarta.activation-api-2.1.3.jar;C:\Users\daniu\.m2\repository\org\springframework\spring-core\6.2.10\spring-core-6.2.10.jar;C:\Users\daniu\.m2\repository\org\springframework\spring-jcl\6.2.10\spring-jcl-6.2.10.jar;C:\Users\daniu\.m2\repository\org\flywaydb\flyway-core\9.8.1\flyway-core-9.8.1.jar;C:\Users\daniu\.m2\repository\com\fasterxml\jackson\dataformat\jackson-dataformat-toml\2.19.2\jackson-dataformat-toml-2.19.2.jar;C:\Users\daniu\.m2\repository\org\springframework\boot\spring-boot-starter-security\3.5.5\spring-boot-starter-security-3.5.5.jar;C:\Users\daniu\.m2\repository\org\springframework\spring-aop\6.2.10\spring-aop-6.2.10.jar;C:\Users\daniu\.m2\repository\org\springframework\security\spring-security-config\6.5.3\spring-security-config-6.5.3.jar;C:\Users\daniu\.m2\repository\org\springframework\security\spring-security-web\6.5.3\spring-security-web-6.5.3.jar;C:\Users\daniu\.m2\repository\org\springframework\security\spring-security-core\6.5.3\spring-security-core-6.5.3.jar;C:\Users\daniu\.m2\repository\org\springframework\security\spring-security-crypto\6.5.3\spring-security-crypto-6.5.3.jar;C:\Users\daniu\.m2\repository\jakarta\validation\jakarta.validation-api\3.0.2\jakarta.validation-api-3.0.2.jar;C:\Users\daniu\.m2\repository\org\hibernate\validator\hibernate-validator\8.0.3.Final\hibernate-validator-8.0.3.Final.jar;C:\Users\daniu\.m2\repository\org\jboss\logging\jboss-logging\3.6.1.Final\jboss-logging-3.6.1.Final.jar;C:\Users\daniu\.m2\repository\com\fasterxml\classmate\1.7.0\classmate-1.7.0.jar;C:\Users\daniu\.m2\repository\com\auth0\java-jwt\4.5.0\java-jwt-4.5.0.jar;C:\Users\daniu\.m2\repository\com\fasterxml\jackson\core\jackson-core\2.19.2\jackson-core-2.19.2.jar;C:\Users\daniu\.m2\repository\com\fasterxml\jackson\core\jackson-databind\2.19.2\jackson-databind-2.19.2.jar;C:\Users\daniu\.m2\repository\com\fasterxml\jackson\core\jackson-annotations\2.19.2\jackson-annotations-2.19.2.jar;C:\Users\daniu\.m2\repository\org\springframework\boot\spring-boot-starter-webflux\3.5.5\spring-boot-starter-webflux-3.5.5.jar;C:\Users\daniu\.m2\repository\org\springframework\boot\spring-boot-starter-reactor-netty\3.5.5\spring-boot-starter-reactor-netty-3.5.5.jar;C:\Users\daniu\.m2\repository\io\projectreactor\netty\reactor-netty-http\1.2.9\reactor-netty-http-1.2.9.jar;C:\Users\daniu\.m2\repository\io\netty\netty-codec-http\4.1.124.Final\netty-codec-http-4.1.124.Final.jar;C:\Users\daniu\.m2\repository\io\netty\netty-common\4.1.124.Final\netty-common-4.1.124.Final.jar;C:\Users\daniu\.m2\repository\io\netty\netty-buffer\4.1.124.Final\netty-buffer-4.1.124.Final.jar;C:\Users\daniu\.m2\repository\io\netty\netty-transport\4.1.124.Final\netty-transport-4.1.124.Final.jar;C:\Users\daniu\.m2\repository\io\netty\netty-codec\4.1.124.Final\netty-codec-4.1.124.Final.jar;C:\Users\daniu\.m2\repository\io\netty\netty-handler\4.1.124.Final\netty-handler-4.1.124.Final.jar;C:\Users\daniu\.m2\repository\io\netty\netty-codec-http2\4.1.124.Final\netty-codec-http2-4.1.124.Final.jar;C:\Users\daniu\.m2\repository\io\netty\netty-resolver-dns\4.1.124.Final\netty-resolver-dns-4.1.124.Final.jar;C:\Users\daniu\.m2\repository\io\netty\netty-resolver\4.1.124.Final\netty-resolver-4.1.124.Final.jar;C:\Users\daniu\.m2\repository\io\netty\netty-codec-dns\4.1.124.Final\netty-codec-dns-4.1.124.Final.jar;C:\Users\daniu\.m2\repository\io\netty\netty-resolver-dns-native-macos\4.1.124.Final\netty-resolver-dns-native-macos-4.1.124.Final-osx-x86_64.jar;C:\Users\daniu\.m2\repository\io\netty\netty-resolver-dns-classes-macos\4.1.124.Final\netty-resolver-dns-classes-macos-4.1.124.Final.jar;C:\Users\daniu\.m2\repository\io\netty\netty-transport-native-epoll\4.1.124.Final\netty-transport-native-epoll-4.1.124.Final-linux-x86_64.jar;C:\Users\daniu\.m2\repository\io\netty\netty-transport-native-unix-common\4.1.124.Final\netty-transport-native-unix-common-4.1.124.Final.jar;C:\Users\daniu\.m2\repository\io\netty\netty-transport-classes-epoll\4.1.124.Final\netty-transport-classes-epoll-4.1.124.Final.jar;C:\Users\daniu\.m2\repository\io\projectreactor\netty\reactor-netty-core\1.2.9\reactor-netty-core-1.2.9.jar;C:\Users\daniu\.m2\repository\io\netty\netty-handler-proxy\4.1.124.Final\netty-handler-proxy-4.1.124.Final.jar;C:\Users\daniu\.m2\repository\io\netty\netty-codec-socks\4.1.124.Final\netty-codec-socks-4.1.124.Final.jar;C:\Users\daniu\.m2\repository\org\springframework\spring-webflux\6.2.10\spring-webflux-6.2.10.jar;C:\Users\daniu\.m2\repository\io\projectreactor\reactor-core\3.7.9\reactor-core-3.7.9.jar;C:\Users\daniu\.m2\repository\org\reactivestreams\reactive-streams\1.0.4\reactive-streams-1.0.4.jar
Launcher Type: SUN_STANDARD

[Global flags]
     intx CICompilerCount                          = 4                                         {product} {ergonomic}
     uint ConcGCThreads                            = 2                                         {product} {ergonomic}
     uint G1ConcRefinementThreads                  = 8                                         {product} {ergonomic}
   size_t G1HeapRegionSize                         = 1048576                                   {product} {ergonomic}
    uintx GCDrainStackTargetSize                   = 64                                        {product} {ergonomic}
   size_t InitialHeapSize                          = 121634816                                 {product} {ergonomic}
   size_t MarkStackSize                            = 4194304                                   {product} {ergonomic}
   size_t MaxHeapSize                              = 1935671296                                {product} {ergonomic}
   size_t MaxNewSize                               = 1160773632                                {product} {ergonomic}
   size_t MinHeapDeltaBytes                        = 1048576                                   {product} {ergonomic}
   size_t MinHeapSize                              = 8388608                                   {product} {ergonomic}
    uintx NonNMethodCodeHeapSize                   = 5839372                                {pd product} {ergonomic}
    uintx NonProfiledCodeHeapSize                  = 122909434                              {pd product} {ergonomic}
    uintx ProfiledCodeHeapSize                     = 122909434                              {pd product} {ergonomic}
    uintx ReservedCodeCacheSize                    = 251658240                              {pd product} {ergonomic}
     bool SegmentedCodeCache                       = true                                      {product} {ergonomic}
   size_t SoftMaxHeapSize                          = 1935671296                             {manageable} {ergonomic}
     bool UseCompressedOops                        = true                           {product lp64_product} {ergonomic}
     bool UseG1GC                                  = true                                      {product} {ergonomic}
     bool UseLargePagesIndividualAllocation        = false                                  {pd product} {ergonomic}

Logging:
Log output configuration:
 #0: stdout all=warning uptime,level,tags foldmultilines=false
 #1: stderr all=off uptime,level,tags foldmultilines=false

Environment Variables:
JAVA_HOME=C:\Program Files\Java\jdk-24
PATH=C:\Program Files\Eclipse Adoptium\jdk-21.0.8.9-hotspot\bin;C:\Program Files\Common Files\Oracle\Java\javapath;C:\WINDOWS\system32;C:\WINDOWS;C:\WINDOWS\System32\Wbem;C:\WINDOWS\System32\WindowsPowerShell\v1.0\;C:\WINDOWS\System32\OpenSSH\;C:\Program Files\dotnet\;C:\Program Files\Git\cmd;C:\Program Files\nodejs\;C:\Users\daniu\AppData\Local\Programs\Python\Python312\Scripts\;C:\Users\daniu\AppData\Local\Programs\Python\Python312\;C:\Users\daniu\AppData\Local\Microsoft\WindowsApps;C:\Users\daniu\AppData\Local\Programs\Microsoft VS Code\bin;C:\Users\daniu\.dotnet\tools;C:\Program Files\Java\jdk-24\bin;C:\Users\daniu\AppData\Roaming\npm
USERNAME=daniu
OS=Windows_NT
PROCESSOR_IDENTIFIER=AMD64 Family 23 Model 160 Stepping 0, AuthenticAMD
TMP=C:\Users\daniu\AppData\Local\Temp
TEMP=C:\Users\daniu\AppData\Local\Temp




Periodic native trim disabled

---------------  S Y S T E M  ---------------

OS:
 Windows 11 , 64 bit Build 26100 (10.0.26100.6725)
OS uptime: 7 days 5:59 hours
Hyper-V role detected

CPU: total 8 (initial active 8) (8 cores per cpu, 2 threads per core) family 23 model 160 stepping 0 microcode 0x8a0000b, cx8, cmov, fxsr, ht, mmx, 3dnowpref, sse, sse2, sse3, ssse3, sse4a, sse4.1, sse4.2, popcnt, lzcnt, tsc, tscinvbit, avx, avx2, aes, clmul, bmi1, bmi2, adx, sha, fma, vzeroupper, clflush, clflushopt, hv, rdtscp, rdpid, f16c
Processor Information for all 8 processors :
  Max Mhz: 2801, Current Mhz: 2801, Mhz Limit: 2801

Memory: 4k page, system-wide physical 7379M (1202M free)
TotalPageFile size 29907M (AvailPageFile size 0M)
current process WorkingSet (physical memory assigned to process): 181M, peak: 183M
current process commit charge ("private bytes"): 249M, peak: 257M

vm_info: Java HotSpot(TM) 64-Bit Server VM (21.0.8+12-LTS-250) for windows-amd64 JRE (21.0.8+12-LTS-250), built on 2025-06-27T08:11:22Z by "mach5one" with MS VC++ 17.6 (VS2022)

END.
